i:\ericbase\project\person_\debug\person.obj
i:\ericbase\project\person_\debug\person.pb.obj
i:\ericbase\project\person_\debug\vc100.pdb
i:\ericbase\debug\person_.exe.manifest
i:\ericbase\project\person_\debug\cl.command.1.tlog
i:\ericbase\project\person_\debug\cl.read.1.tlog
i:\ericbase\project\person_\debug\cl.write.1.tlog
i:\ericbase\project\person_\debug\link.26052.read.1.tlog
i:\ericbase\project\person_\debug\link.26052.read.2.tlog
i:\ericbase\project\person_\debug\link.26052.write.1.tlog
i:\ericbase\project\person_\debug\link.command.1.tlog
i:\ericbase\project\person_\debug\link.read.1.tlog
i:\ericbase\project\person_\debug\link.read.2.tlog
i:\ericbase\project\person_\debug\link.write.1.tlog
i:\ericbase\project\person_\debug\mt.command.1.tlog
i:\ericbase\project\person_\debug\mt.read.1.tlog
i:\ericbase\project\person_\debug\mt.write.1.tlog
i:\ericbase\project\person_\debug\person_.exe.intermediate.manifest
i:\ericbase\project\person_\debug\vc100.idb
i:\ericbase\debug\person_.pdb
