2016/10/20 16:09:46.197/(DEBUG_L):	Current UDP rev buffer size: 8192	(qsocket.cpp:117)
2016/10/20 16:09:46.202/(DEBUG_L):	Setting UDP rev buffer size: 10240000	(qsocket.cpp:120)
2016/10/20 16:09:46.204/(DEBUG_L):	Now new UDP rev buffer size: 10240000	(qsocket.cpp:181)
2016/10/20 16:09:46.206/(DEBUG_L):	Current UDP rev buffer size: 8192	(qsocket.cpp:117)
2016/10/20 16:09:46.208/(DEBUG_L):	Setting UDP rev buffer size: 102400	(qsocket.cpp:120)
2016/10/20 16:09:46.210/(DEBUG_L):	Now new UDP rev buffer size: 102400	(qsocket.cpp:181)
2016/10/20 16:15:31.223/(DEBUG_L):	Current UDP rev buffer size: 8192	(qsocket.cpp:117)
2016/10/20 16:15:31.225/(DEBUG_L):	Setting UDP rev buffer size: 10240000	(qsocket.cpp:120)
2016/10/20 16:15:31.228/(DEBUG_L):	Now new UDP rev buffer size: 10240000	(qsocket.cpp:181)
2016/10/20 16:15:31.231/(DEBUG_L):	Current UDP rev buffer size: 8192	(qsocket.cpp:117)
2016/10/20 16:15:31.233/(DEBUG_L):	Setting UDP rev buffer size: 102400	(qsocket.cpp:120)
2016/10/20 16:15:31.235/(DEBUG_L):	Now new UDP rev buffer size: 102400	(qsocket.cpp:181)
2016/10/20 16:16:23.876/(DEBUG_L):	Current UDP rev buffer size: 8192	(qsocket.cpp:117)
2016/10/20 16:16:23.878/(DEBUG_L):	Setting UDP rev buffer size: 10240000	(qsocket.cpp:120)
2016/10/20 16:16:23.882/(DEBUG_L):	Now new UDP rev buffer size: 10240000	(qsocket.cpp:181)
2016/10/20 16:16:23.884/(DEBUG_L):	Current UDP rev buffer size: 8192	(qsocket.cpp:117)
2016/10/20 16:16:23.886/(DEBUG_L):	Setting UDP rev buffer size: 102400	(qsocket.cpp:120)
2016/10/20 16:16:23.889/(DEBUG_L):	Now new UDP rev buffer size: 102400	(qsocket.cpp:181)
2016/10/20 16:16:30.599/(ERROR):	QClientSocket::receiveData : recv : The virtual circuit was reset by the remote side executing a hard or abortive close.10054	(qsocket.cpp:376)
2016/10/20 16:16:30.602/(WARNING):	not found thread id : 9720976	(qthread.cpp:122)
2016/10/20 16:16:40.411/(DEBUG_L):	Current UDP rev buffer size: 8192	(qsocket.cpp:117)
2016/10/20 16:16:40.414/(DEBUG_L):	Setting UDP rev buffer size: 10240000	(qsocket.cpp:120)
2016/10/20 16:16:40.416/(DEBUG_L):	Now new UDP rev buffer size: 10240000	(qsocket.cpp:181)
2016/10/20 16:16:40.418/(DEBUG_L):	Current UDP rev buffer size: 8192	(qsocket.cpp:117)
2016/10/20 16:16:40.422/(DEBUG_L):	Setting UDP rev buffer size: 102400	(qsocket.cpp:120)
2016/10/20 16:16:40.425/(DEBUG_L):	Now new UDP rev buffer size: 102400	(qsocket.cpp:181)
2016/10/20 16:16:41.712/(ERROR):	QClientSocket::receiveData : recv : The virtual circuit was reset by the remote side executing a hard or abortive close.10054	(qsocket.cpp:376)
2016/10/20 16:16:41.716/(WARNING):	not found thread id : 9720288	(qthread.cpp:122)
2016/10/20 16:17:44.564/(DEBUG_L):	Current UDP rev buffer size: 8192	(qsocket.cpp:117)
2016/10/20 16:17:44.567/(DEBUG_L):	Setting UDP rev buffer size: 10240000	(qsocket.cpp:120)
2016/10/20 16:17:44.569/(DEBUG_L):	Now new UDP rev buffer size: 10240000	(qsocket.cpp:181)
2016/10/20 16:17:44.572/(DEBUG_L):	Current UDP rev buffer size: 8192	(qsocket.cpp:117)
2016/10/20 16:17:44.574/(DEBUG_L):	Setting UDP rev buffer size: 102400	(qsocket.cpp:120)
2016/10/20 16:17:44.577/(DEBUG_L):	Now new UDP rev buffer size: 102400	(qsocket.cpp:181)
2016/10/20 16:18:04.520/(ERROR):	QClientSocket::receiveData : recv : The virtual circuit was reset by the remote side executing a hard or abortive close.10054	(qsocket.cpp:376)
2016/10/20 16:18:04.526/(WARNING):	not found thread id : 2643088	(qthread.cpp:122)
