生成启动时间为 2016/4/19 11:19:06。
     1>项目“G:\SolutionSample\project\WJFServer\WJFServer.vcxproj”在节点 2 上(build 个目标)。
     1>InitializeBuildStatus:
         正在创建“Debug\WJFServer.unsuccessfulbuild”，因为已指定“AlwaysCreate”。
       CustomBuild:
         Moc'ing Dialog.h...
         Uic'ing Dialog.ui...
         Moc'ing MyApplication.h...
       ClCompile:
         C:\Program Files (x86)\Microsoft Visual Studio 10.0\VC\bin\CL.exe /c /I../DataHis /IG:\SolutionSample\include\libevent /IG:\SolutionSample\include /I.\GeneratedFiles /I. /ID:\Qt\4.8.5\include /I.\GeneratedFiles\Debug /ID:\Qt\4.8.5\include\QtCore /ID:\Qt\4.8.5\include\QtGui /Zi /nologo /W1 /WX- /Od /Oy- /D REPAIR_DATA /D UNICODE /D WIN32 /D QT_DLL /D QT_CORE_LIB /D QT_GUI_LIB /Gm- /EHsc /MDd /GS /fp:precise /Zc:wchar_t- /Zc:forScope /Fo"Debug\\" /Fd"Debug\vc100.pdb" /Gd /TP /analyze- /errorReport:prompt ..\DataHis\DataFile.cpp GeneratedFiles\Debug\moc_Dialog.cpp GeneratedFiles\Debug\moc_MyApplication.cpp main.cpp MyApplication.cpp STKDRV.cpp Dialog.cpp
         DataFile.cpp
     1>c1xx : fatal error C1083: 无法打开源文件:“..\DataHis\DataFile.cpp”: No such file or directory
         moc_Dialog.cpp
         moc_MyApplication.cpp
     1>g:\solutionsample\project\wjfserver\generatedfiles\debug\../../MyApplication.h(4): fatal error C1083: 无法打开包括文件:“dataserver/TickTcpServer.h”: No such file or directory
         main.cpp
     1>g:\solutionsample\project\wjfserver\MyApplication.h(4): fatal error C1083: 无法打开包括文件:“dataserver/TickTcpServer.h”: No such file or directory
         MyApplication.cpp
     1>g:\solutionsample\project\wjfserver\MyApplication.h(4): fatal error C1083: 无法打开包括文件:“dataserver/TickTcpServer.h”: No such file or directory
         STKDRV.cpp
         Dialog.cpp
         正在生成代码...
     1>已完成生成项目“G:\SolutionSample\project\WJFServer\WJFServer.vcxproj”(build 个目标)的操作 - 失败。

生成失败。

已用时间 00:00:08.04
